<?xml version="1.0" encoding="UTF-8"?>
<robot generator="Robot 4.0.3 (Python 3.7.0 on win32)" generated="20220109 20:40:02.851" rpa="false" schemaversion="2">
<suite id="s1" name="CreateCharacters" source="C:\Estudos&amp;Projetos\marvel-api\CreateCharacters.robot">
<test id="s1-t1" name="Deve cadastrar um personagem">
<kw name="Create Dictionary" library="BuiltIn">
<var>&amp;{usuario}</var>
<arg>email=zebebeu@gmail.com</arg>
<doc>Creates and returns a dictionary based on the given ``items``.</doc>
<msg timestamp="20220109 20:40:03.421" level="INFO">&amp;{usuario} = { email=zebebeu@gmail.com }</msg>
<status status="PASS" starttime="20220109 20:40:03.420" endtime="20220109 20:40:03.421"/>
</kw>
<kw name="POST" library="RequestsLibrary">
<var>${response}</var>
<arg>http://marvel.qaninja.academy/accounts</arg>
<arg>json=${usuario}</arg>
<doc>Sends a POST request.</doc>
<msg timestamp="20220109 20:40:03.728" level="INFO">POST Request : url=http://marvel.qaninja.academy/accounts 
 path_url=/accounts 
 headers={'User-Agent': 'python-requests/2.25.1', 'Accept-Encoding': 'gzip, deflate', 'Accept': '*/*', 'Connection': 'keep-alive', 'Content-Length': '30', 'Content-Type': 'application/json'} 
 body=b'{"email": "zebebeu@gmail.com"}' 
 </msg>
<msg timestamp="20220109 20:40:03.728" level="INFO">POST Response : url=http://marvel.qaninja.academy/accounts 
 status=200, reason=OK 
 headers={'Server': 'Cowboy', 'Connection': 'keep-alive', 'X-Powered-By': 'Express', 'Access-Control-Allow-Origin': '*', 'Content-Type': 'application/json; charset=utf-8', 'Content-Length': '41', 'Etag': 'W/"29-Y5FJTRE6TKWf4GgEF3i/b/jcJoA"', 'Date': 'Sun, 09 Jan 2022 23:40:02 GMT', 'Via': '1.1 vegur'} 
 body={"client_key":"61db565afc3c2d001639e2ac"} 
 </msg>
<msg timestamp="20220109 20:40:03.728" level="INFO">${response} = &lt;Response [200]&gt;</msg>
<status status="PASS" starttime="20220109 20:40:03.421" endtime="20220109 20:40:03.728"/>
</kw>
<kw name="Set Variable" library="BuiltIn">
<var>${client_key}</var>
<arg>${response.json()}[client_key]</arg>
<doc>Returns the given values which can then be assigned to a variables.</doc>
<msg timestamp="20220109 20:40:03.731" level="INFO">${client_key} = 61db565afc3c2d001639e2ac</msg>
<status status="PASS" starttime="20220109 20:40:03.729" endtime="20220109 20:40:03.731"/>
</kw>
<kw name="Create Dictionary" library="BuiltIn">
<var>&amp;{headers}</var>
<arg>client_key=${client_key}</arg>
<doc>Creates and returns a dictionary based on the given ``items``.</doc>
<msg timestamp="20220109 20:40:03.732" level="INFO">&amp;{headers} = { client_key=61db565afc3c2d001639e2ac }</msg>
<status status="PASS" starttime="20220109 20:40:03.731" endtime="20220109 20:40:03.732"/>
</kw>
<kw name="Factory Abner" library="Abner">
<var>&amp;{personagem}</var>
<msg timestamp="20220109 20:40:03.734" level="INFO">&amp;{personagem} = { name=Christina Smith | aliases=Thanos | age=3000 | team=Ordem Negra | active=False }</msg>
<status status="PASS" starttime="20220109 20:40:03.733" endtime="20220109 20:40:03.734"/>
</kw>
<kw name="POST" library="RequestsLibrary">
<arg>http://marvel.qaninja.academy/characters</arg>
<arg>json=${personagem}</arg>
<arg>headers=${headers}</arg>
<doc>Sends a POST request.</doc>
<msg timestamp="20220109 20:40:04.040" level="INFO">POST Request : url=http://marvel.qaninja.academy/characters 
 path_url=/characters 
 headers={'User-Agent': 'python-requests/2.25.1', 'Accept-Encoding': 'gzip, deflate', 'Accept': '*/*', 'Connection': 'keep-alive', 'client_key': '61db565afc3c2d001639e2ac', 'Content-Length': '101', 'Content-Type': 'application/json'} 
 body=b'{"name": "Christina Smith", "aliases": "Thanos", "age": 3000, "team": "Ordem Negra", "active": false}' 
 </msg>
<msg timestamp="20220109 20:40:04.040" level="INFO">POST Response : url=http://marvel.qaninja.academy/characters 
 status=200, reason=OK 
 headers={'Server': 'Cowboy', 'Connection': 'keep-alive', 'X-Powered-By': 'Express', 'Access-Control-Allow-Origin': '*', 'Content-Type': 'application/json; charset=utf-8', 'Content-Length': '160', 'Etag': 'W/"a0-6uAxQ5oteXlzn2hl85RNPMWFEqQ"', 'Date': 'Sun, 09 Jan 2022 23:40:02 GMT', 'Via': '1.1 vegur'} 
 body={"_id":"61db72529e8d1d001649e333","name":"Christina Smith","age":3000,"aliases":"Thanos","team":"Ordem Negra","active":false,"owner":"61db565afc3c2d001639e2ac"} 
 </msg>
<status status="PASS" starttime="20220109 20:40:03.735" endtime="20220109 20:40:04.040"/>
</kw>
<status status="PASS" starttime="20220109 20:40:03.419" endtime="20220109 20:40:04.041"/>
</test>
<doc>Suite de Testes do cadastro de personagens na API da Marvel</doc>
<status status="PASS" starttime="20220109 20:40:02.855" endtime="20220109 20:40:04.043"/>
</suite>
<statistics>
<total>
<stat pass="1" fail="0" skip="0">All Tests</stat>
</total>
<tag>
</tag>
<suite>
<stat pass="1" fail="0" skip="0" id="s1" name="CreateCharacters">CreateCharacters</stat>
</suite>
</statistics>
<errors>
</errors>
</robot>
