<?xml version="1.0" encoding="UTF-8"?>
<robot generator="Robot 4.0.3 (Python 3.7.0 on win32)" generated="20220120 02:40:48.874" rpa="false" schemaversion="2">
<suite id="s1" name="CreateCharacters" source="C:\Estudos&amp;Projetos\marvel-api\specs\CreateCharacters.robot">
<test id="s1-t1" name="Deve cadastrar um personagem">
<kw name="Run Keywords" library="BuiltIn" type="SETUP">
<arg>Set Client Key</arg>
<arg>toninhoaiaiai@gmail.com</arg>
<arg>AND</arg>
<arg>Back To The Past</arg>
<doc>Executes all the given keywords in a sequence.</doc>
<kw name="Set Client Key" library="base">
<arg>toninhoaiaiai@gmail.com</arg>
<kw name="Create Dictionary" library="BuiltIn">
<var>&amp;{usuario}</var>
<arg>email=${email}</arg>
<doc>Creates and returns a dictionary based on the given ``items``.</doc>
<msg timestamp="20220120 02:40:49.137" level="INFO">&amp;{usuario} = { email=toninhoaiaiai@gmail.com }</msg>
<status status="PASS" starttime="20220120 02:40:49.135" endtime="20220120 02:40:49.137"/>
</kw>
<kw name="POST" library="RequestsLibrary">
<var>${response}</var>
<arg>${API_URL}/accounts</arg>
<arg>json=${usuario}</arg>
<doc>Sends a POST request.</doc>
<msg timestamp="20220120 02:40:49.492" level="INFO">POST Request : url=http://marvel.qaninja.academy/accounts 
 path_url=/accounts 
 headers={'User-Agent': 'python-requests/2.25.1', 'Accept-Encoding': 'gzip, deflate', 'Accept': '*/*', 'Connection': 'keep-alive', 'Content-Length': '36', 'Content-Type': 'application/json'} 
 body=b'{"email": "toninhoaiaiai@gmail.com"}' 
 </msg>
<msg timestamp="20220120 02:40:49.493" level="INFO">POST Response : url=http://marvel.qaninja.academy/accounts 
 status=200, reason=OK 
 headers={'Server': 'Cowboy', 'Connection': 'keep-alive', 'X-Powered-By': 'Express', 'Access-Control-Allow-Origin': '*', 'Content-Type': 'application/json; charset=utf-8', 'Content-Length': '41', 'Etag': 'W/"29-UI8ss8wg6wsDxItxZgn3p961MhU"', 'Date': 'Thu, 20 Jan 2022 05:40:48 GMT', 'Via': '1.1 vegur'} 
 body={"client_key":"61df54ec3d94de0016bf38fb"} 
 </msg>
<msg timestamp="20220120 02:40:49.493" level="INFO">${response} = &lt;Response [200]&gt;</msg>
<status status="PASS" starttime="20220120 02:40:49.137" endtime="20220120 02:40:49.493"/>
</kw>
<kw name="Set Variable" library="BuiltIn">
<var>${client_key}</var>
<arg>${response.json()}[client_key]</arg>
<doc>Returns the given values which can then be assigned to a variables.</doc>
<msg timestamp="20220120 02:40:49.495" level="INFO">${client_key} = 61df54ec3d94de0016bf38fb</msg>
<status status="PASS" starttime="20220120 02:40:49.494" endtime="20220120 02:40:49.495"/>
</kw>
<kw name="Create Dictionary" library="BuiltIn">
<var>&amp;{HEADERS}</var>
<arg>client_key=${client_key}</arg>
<doc>Creates and returns a dictionary based on the given ``items``.</doc>
<msg timestamp="20220120 02:40:49.496" level="INFO">&amp;{HEADERS} = { client_key=61df54ec3d94de0016bf38fb }</msg>
<status status="PASS" starttime="20220120 02:40:49.495" endtime="20220120 02:40:49.496"/>
</kw>
<kw name="Set Suite Variable" library="BuiltIn">
<arg>${HEADERS}</arg>
<doc>Makes a variable available everywhere within the scope of the current suite.</doc>
<msg timestamp="20220120 02:40:49.497" level="INFO">${HEADERS} = {'client_key': '61df54ec3d94de0016bf38fb'}</msg>
<status status="PASS" starttime="20220120 02:40:49.497" endtime="20220120 02:40:49.498"/>
</kw>
<status status="PASS" starttime="20220120 02:40:49.135" endtime="20220120 02:40:49.498"/>
</kw>
<kw name="Back To The Past" library="base">
<kw name="DELETE" library="RequestsLibrary">
<arg>${API_URL}/delorean</arg>
<arg>headers=${HEADERS}</arg>
<doc>Sends a DELETE request.</doc>
<msg timestamp="20220120 02:40:49.806" level="INFO">DELETE Request : url=http://marvel.qaninja.academy/delorean 
 path_url=/delorean 
 headers={'User-Agent': 'python-requests/2.25.1', 'Accept-Encoding': 'gzip, deflate', 'Accept': '*/*', 'Connection': 'keep-alive', 'client_key': '61df54ec3d94de0016bf38fb', 'Content-Length': '0'} 
 body=None 
 </msg>
<msg timestamp="20220120 02:40:49.806" level="INFO">DELETE Response : url=http://marvel.qaninja.academy/delorean 
 status=200, reason=OK 
 headers={'Server': 'Cowboy', 'Connection': 'keep-alive', 'X-Powered-By': 'Express', 'Access-Control-Allow-Origin': '*', 'Content-Type': 'application/json; charset=utf-8', 'Content-Length': '31', 'Etag': 'W/"1f-ImqlboUfbv1n1FbEV48J/4RvhGg"', 'Date': 'Thu, 20 Jan 2022 05:40:49 GMT', 'Via': '1.1 vegur'} 
 body={"message":"Avengers Assemble"} 
 </msg>
<status status="PASS" starttime="20220120 02:40:49.499" endtime="20220120 02:40:49.806"/>
</kw>
<status status="PASS" starttime="20220120 02:40:49.498" endtime="20220120 02:40:49.806"/>
</kw>
<status status="PASS" starttime="20220120 02:40:49.134" endtime="20220120 02:40:49.806"/>
</kw>
<kw name="Factory Abner" library="Abner">
<var>&amp;{personagem}</var>
<msg timestamp="20220120 02:40:49.808" level="INFO">&amp;{personagem} = { name=Abner | aliases=Abner | age=18 | team=Goncalves | active=True }</msg>
<status status="PASS" starttime="20220120 02:40:49.807" endtime="20220120 02:40:49.808"/>
</kw>
<kw name="POST New Characters" library="Characters">
<var>${response}</var>
<arg>${personagem}</arg>
<kw name="POST" library="RequestsLibrary">
<var>${response}</var>
<arg>${API_URL}/characters</arg>
<arg>json=${payload}</arg>
<arg>headers=${HEADERS}</arg>
<arg>expected_status=any</arg>
<doc>Sends a POST request.</doc>
<msg timestamp="20220120 02:40:50.116" level="INFO">POST Request : url=http://marvel.qaninja.academy/characters 
 path_url=/characters 
 headers={'User-Agent': 'python-requests/2.25.1', 'Accept-Encoding': 'gzip, deflate', 'Accept': '*/*', 'Connection': 'keep-alive', 'client_key': '61df54ec3d94de0016bf38fb', 'Content-Length': '85', 'Content-Type': 'application/json'} 
 body=b'{"name": "Abner", "aliases": "Abner", "age": 18, "team": "Goncalves", "active": true}' 
 </msg>
<msg timestamp="20220120 02:40:50.117" level="INFO">POST Response : url=http://marvel.qaninja.academy/characters 
 status=200, reason=OK 
 headers={'Server': 'Cowboy', 'Connection': 'keep-alive', 'X-Powered-By': 'Express', 'Access-Control-Allow-Origin': '*', 'Content-Type': 'application/json; charset=utf-8', 'Content-Length': '144', 'Etag': 'W/"90-oRiJAWTtaQ7XPM3EXJv5hnq+rMU"', 'Date': 'Thu, 20 Jan 2022 05:40:49 GMT', 'Via': '1.1 vegur'} 
 body={"_id":"61e8f5e19ea8e20016097010","name":"Abner","age":18,"aliases":"Abner","team":"Goncalves","active":true,"owner":"61df54ec3d94de0016bf38fb"} 
 </msg>
<msg timestamp="20220120 02:40:50.117" level="INFO">${response} = &lt;Response [200]&gt;</msg>
<status status="PASS" starttime="20220120 02:40:49.810" endtime="20220120 02:40:50.117"/>
</kw>
<msg timestamp="20220120 02:40:50.118" level="INFO">${response} = &lt;Response [200]&gt;</msg>
<status status="PASS" starttime="20220120 02:40:49.809" endtime="20220120 02:40:50.118"/>
</kw>
<kw name="Status Should Be" library="RequestsLibrary">
<arg>200</arg>
<arg>${response}</arg>
<doc>Fails if response status code is different than the expected.</doc>
<status status="PASS" starttime="20220120 02:40:50.120" endtime="20220120 02:40:50.121"/>
</kw>
<status status="PASS" starttime="20220120 02:40:49.134" endtime="20220120 02:40:50.122"/>
</test>
<test id="s1-t2" name="Não deve cadastrar com o mesmo nome">
<kw name="Run Keywords" library="BuiltIn" type="SETUP">
<arg>Set Client Key</arg>
<arg>toninhoaiaiai@gmail.com</arg>
<arg>AND</arg>
<arg>Back To The Past</arg>
<doc>Executes all the given keywords in a sequence.</doc>
<kw name="Set Client Key" library="base">
<arg>toninhoaiaiai@gmail.com</arg>
<kw name="Create Dictionary" library="BuiltIn">
<var>&amp;{usuario}</var>
<arg>email=${email}</arg>
<doc>Creates and returns a dictionary based on the given ``items``.</doc>
<msg timestamp="20220120 02:40:50.131" level="INFO">&amp;{usuario} = { email=toninhoaiaiai@gmail.com }</msg>
<status status="PASS" starttime="20220120 02:40:50.129" endtime="20220120 02:40:50.131"/>
</kw>
<kw name="POST" library="RequestsLibrary">
<var>${response}</var>
<arg>${API_URL}/accounts</arg>
<arg>json=${usuario}</arg>
<doc>Sends a POST request.</doc>
<msg timestamp="20220120 02:40:50.453" level="INFO">POST Request : url=http://marvel.qaninja.academy/accounts 
 path_url=/accounts 
 headers={'User-Agent': 'python-requests/2.25.1', 'Accept-Encoding': 'gzip, deflate', 'Accept': '*/*', 'Connection': 'keep-alive', 'Content-Length': '36', 'Content-Type': 'application/json'} 
 body=b'{"email": "toninhoaiaiai@gmail.com"}' 
 </msg>
<msg timestamp="20220120 02:40:50.453" level="INFO">POST Response : url=http://marvel.qaninja.academy/accounts 
 status=200, reason=OK 
 headers={'Server': 'Cowboy', 'Connection': 'keep-alive', 'X-Powered-By': 'Express', 'Access-Control-Allow-Origin': '*', 'Content-Type': 'application/json; charset=utf-8', 'Content-Length': '41', 'Etag': 'W/"29-UI8ss8wg6wsDxItxZgn3p961MhU"', 'Date': 'Thu, 20 Jan 2022 05:40:49 GMT', 'Via': '1.1 vegur'} 
 body={"client_key":"61df54ec3d94de0016bf38fb"} 
 </msg>
<msg timestamp="20220120 02:40:50.453" level="INFO">${response} = &lt;Response [200]&gt;</msg>
<status status="PASS" starttime="20220120 02:40:50.132" endtime="20220120 02:40:50.453"/>
</kw>
<kw name="Set Variable" library="BuiltIn">
<var>${client_key}</var>
<arg>${response.json()}[client_key]</arg>
<doc>Returns the given values which can then be assigned to a variables.</doc>
<msg timestamp="20220120 02:40:50.454" level="INFO">${client_key} = 61df54ec3d94de0016bf38fb</msg>
<status status="PASS" starttime="20220120 02:40:50.453" endtime="20220120 02:40:50.454"/>
</kw>
<kw name="Create Dictionary" library="BuiltIn">
<var>&amp;{HEADERS}</var>
<arg>client_key=${client_key}</arg>
<doc>Creates and returns a dictionary based on the given ``items``.</doc>
<msg timestamp="20220120 02:40:50.455" level="INFO">&amp;{HEADERS} = { client_key=61df54ec3d94de0016bf38fb }</msg>
<status status="PASS" starttime="20220120 02:40:50.455" endtime="20220120 02:40:50.455"/>
</kw>
<kw name="Set Suite Variable" library="BuiltIn">
<arg>${HEADERS}</arg>
<doc>Makes a variable available everywhere within the scope of the current suite.</doc>
<msg timestamp="20220120 02:40:50.456" level="INFO">${HEADERS} = {'client_key': '61df54ec3d94de0016bf38fb'}</msg>
<status status="PASS" starttime="20220120 02:40:50.455" endtime="20220120 02:40:50.456"/>
</kw>
<status status="PASS" starttime="20220120 02:40:50.128" endtime="20220120 02:40:50.456"/>
</kw>
<kw name="Back To The Past" library="base">
<kw name="DELETE" library="RequestsLibrary">
<arg>${API_URL}/delorean</arg>
<arg>headers=${HEADERS}</arg>
<doc>Sends a DELETE request.</doc>
<msg timestamp="20220120 02:40:50.776" level="INFO">DELETE Request : url=http://marvel.qaninja.academy/delorean 
 path_url=/delorean 
 headers={'User-Agent': 'python-requests/2.25.1', 'Accept-Encoding': 'gzip, deflate', 'Accept': '*/*', 'Connection': 'keep-alive', 'client_key': '61df54ec3d94de0016bf38fb', 'Content-Length': '0'} 
 body=None 
 </msg>
<msg timestamp="20220120 02:40:50.776" level="INFO">DELETE Response : url=http://marvel.qaninja.academy/delorean 
 status=200, reason=OK 
 headers={'Server': 'Cowboy', 'Connection': 'keep-alive', 'X-Powered-By': 'Express', 'Access-Control-Allow-Origin': '*', 'Content-Type': 'application/json; charset=utf-8', 'Content-Length': '31', 'Etag': 'W/"1f-ImqlboUfbv1n1FbEV48J/4RvhGg"', 'Date': 'Thu, 20 Jan 2022 05:40:50 GMT', 'Via': '1.1 vegur'} 
 body={"message":"Avengers Assemble"} 
 </msg>
<status status="PASS" starttime="20220120 02:40:50.457" endtime="20220120 02:40:50.776"/>
</kw>
<status status="PASS" starttime="20220120 02:40:50.456" endtime="20220120 02:40:50.776"/>
</kw>
<status status="PASS" starttime="20220120 02:40:50.127" endtime="20220120 02:40:50.777"/>
</kw>
<kw name="Factory Joao" library="Joao">
<var>&amp;{personagem}</var>
<msg timestamp="20220120 02:40:50.778" level="INFO">&amp;{personagem} = { name=Joao | aliases=Joao | age=16 | team=Goncalves | active=False }</msg>
<status status="PASS" starttime="20220120 02:40:50.778" endtime="20220120 02:40:50.778"/>
</kw>
<kw name="POST New Characters" library="Characters">
<arg>${personagem}</arg>
<kw name="POST" library="RequestsLibrary">
<var>${response}</var>
<arg>${API_URL}/characters</arg>
<arg>json=${payload}</arg>
<arg>headers=${HEADERS}</arg>
<arg>expected_status=any</arg>
<doc>Sends a POST request.</doc>
<msg timestamp="20220120 02:40:51.114" level="INFO">POST Request : url=http://marvel.qaninja.academy/characters 
 path_url=/characters 
 headers={'User-Agent': 'python-requests/2.25.1', 'Accept-Encoding': 'gzip, deflate', 'Accept': '*/*', 'Connection': 'keep-alive', 'client_key': '61df54ec3d94de0016bf38fb', 'Content-Length': '84', 'Content-Type': 'application/json'} 
 body=b'{"name": "Joao", "aliases": "Joao", "age": 16, "team": "Goncalves", "active": false}' 
 </msg>
<msg timestamp="20220120 02:40:51.114" level="INFO">POST Response : url=http://marvel.qaninja.academy/characters 
 status=200, reason=OK 
 headers={'Server': 'Cowboy', 'Connection': 'keep-alive', 'X-Powered-By': 'Express', 'Access-Control-Allow-Origin': '*', 'Content-Type': 'application/json; charset=utf-8', 'Content-Length': '143', 'Etag': 'W/"8f-/9pUkgNDGFNmQZcmCmU7KShXT5k"', 'Date': 'Thu, 20 Jan 2022 05:40:50 GMT', 'Via': '1.1 vegur'} 
 body={"_id":"61e8f5e29ea8e20016097017","name":"Joao","age":16,"aliases":"Joao","team":"Goncalves","active":false,"owner":"61df54ec3d94de0016bf38fb"} 
 </msg>
<msg timestamp="20220120 02:40:51.114" level="INFO">${response} = &lt;Response [200]&gt;</msg>
<status status="PASS" starttime="20220120 02:40:50.780" endtime="20220120 02:40:51.114"/>
</kw>
<status status="PASS" starttime="20220120 02:40:50.779" endtime="20220120 02:40:51.115"/>
</kw>
<kw name="POST New Characters" library="Characters">
<var>${response}</var>
<arg>${personagem}</arg>
<kw name="POST" library="RequestsLibrary">
<var>${response}</var>
<arg>${API_URL}/characters</arg>
<arg>json=${payload}</arg>
<arg>headers=${HEADERS}</arg>
<arg>expected_status=any</arg>
<doc>Sends a POST request.</doc>
<msg timestamp="20220120 02:40:51.439" level="INFO">POST Request : url=http://marvel.qaninja.academy/characters 
 path_url=/characters 
 headers={'User-Agent': 'python-requests/2.25.1', 'Accept-Encoding': 'gzip, deflate', 'Accept': '*/*', 'Connection': 'keep-alive', 'client_key': '61df54ec3d94de0016bf38fb', 'Content-Length': '84', 'Content-Type': 'application/json'} 
 body=b'{"name": "Joao", "aliases": "Joao", "age": 16, "team": "Goncalves", "active": false}' 
 </msg>
<msg timestamp="20220120 02:40:51.439" level="INFO">POST Response : url=http://marvel.qaninja.academy/characters 
 status=409, reason=Conflict 
 headers={'Server': 'Cowboy', 'Connection': 'keep-alive', 'X-Powered-By': 'Express', 'Access-Control-Allow-Origin': '*', 'Content-Type': 'application/json; charset=utf-8', 'Content-Length': '39', 'Etag': 'W/"27-u8CjYCAAYHK/l+EQR0JyKi0LQGU"', 'Date': 'Thu, 20 Jan 2022 05:40:50 GMT', 'Via': '1.1 vegur'} 
 body={"error":"Character already exists :("} 
 </msg>
<msg timestamp="20220120 02:40:51.439" level="INFO">${response} = &lt;Response [409]&gt;</msg>
<status status="PASS" starttime="20220120 02:40:51.117" endtime="20220120 02:40:51.439"/>
</kw>
<msg timestamp="20220120 02:40:51.439" level="INFO">${response} = &lt;Response [409]&gt;</msg>
<status status="PASS" starttime="20220120 02:40:51.116" endtime="20220120 02:40:51.439"/>
</kw>
<kw name="Status Should Be" library="RequestsLibrary">
<arg>409</arg>
<arg>${response}</arg>
<doc>Fails if response status code is different than the expected.</doc>
<status status="PASS" starttime="20220120 02:40:51.440" endtime="20220120 02:40:51.441"/>
</kw>
<kw name="Log To Console" library="BuiltIn">
<arg>${response.json()}[error]</arg>
<arg>Character already exists :(</arg>
<doc>Logs the given message to the console.</doc>
<status status="PASS" starttime="20220120 02:40:51.442" endtime="20220120 02:40:51.444"/>
</kw>
<status status="PASS" starttime="20220120 02:40:50.124" endtime="20220120 02:40:51.445"/>
</test>
<doc>Suite de Testes do cadastro de personagens na API da Marvel</doc>
<status status="PASS" starttime="20220120 02:40:48.879" endtime="20220120 02:40:51.449"/>
</suite>
<statistics>
<total>
<stat pass="2" fail="0" skip="0">All Tests</stat>
</total>
<tag>
</tag>
<suite>
<stat pass="2" fail="0" skip="0" id="s1" name="CreateCharacters">CreateCharacters</stat>
</suite>
</statistics>
<errors>
</errors>
</robot>
