<?xml version="1.0" encoding="UTF-8"?>
<robot generator="Robot 4.0.3 (Python 3.7.0 on win32)" generated="20220113 17:15:20.288" rpa="false" schemaversion="2">
<suite id="s1" name="CreateCharacters" source="C:\Estudos&amp;Projetos\marvel-api\specs\CreateCharacters.robot">
<test id="s1-t1" name="Deve cadastrar um personagem">
<kw name="Set Client Key" library="base">
<arg>toninhoaiaiai@gmail.com</arg>
<kw name="Create Dictionary" library="BuiltIn">
<var>&amp;{usuario}</var>
<arg>email=${email}</arg>
<doc>Creates and returns a dictionary based on the given ``items``.</doc>
<msg timestamp="20220113 17:15:20.881" level="INFO">&amp;{usuario} = { email=toninhoaiaiai@gmail.com }</msg>
<status status="PASS" starttime="20220113 17:15:20.880" endtime="20220113 17:15:20.881"/>
</kw>
<kw name="POST" library="RequestsLibrary">
<var>${response}</var>
<arg>${API_URL}/accounts</arg>
<arg>json=${usuario}</arg>
<doc>Sends a POST request.</doc>
<msg timestamp="20220113 17:15:29.523" level="INFO">POST Request : url=http://marvel.qaninja.academy/accounts 
 path_url=/accounts 
 headers={'User-Agent': 'python-requests/2.25.1', 'Accept-Encoding': 'gzip, deflate', 'Accept': '*/*', 'Connection': 'keep-alive', 'Content-Length': '36', 'Content-Type': 'application/json'} 
 body=b'{"email": "toninhoaiaiai@gmail.com"}' 
 </msg>
<msg timestamp="20220113 17:15:29.523" level="INFO">POST Response : url=http://marvel.qaninja.academy/accounts 
 status=200, reason=OK 
 headers={'Server': 'Cowboy', 'Connection': 'keep-alive', 'X-Powered-By': 'Express', 'Access-Control-Allow-Origin': '*', 'Content-Type': 'application/json; charset=utf-8', 'Content-Length': '41', 'Etag': 'W/"29-UI8ss8wg6wsDxItxZgn3p961MhU"', 'Date': 'Thu, 13 Jan 2022 20:15:30 GMT', 'Via': '1.1 vegur'} 
 body={"client_key":"61df54ec3d94de0016bf38fb"} 
 </msg>
<msg timestamp="20220113 17:15:29.523" level="INFO">${response} = &lt;Response [200]&gt;</msg>
<status status="PASS" starttime="20220113 17:15:20.881" endtime="20220113 17:15:29.523"/>
</kw>
<kw name="Set Variable" library="BuiltIn">
<var>${client_key}</var>
<arg>${response.json()}[client_key]</arg>
<doc>Returns the given values which can then be assigned to a variables.</doc>
<msg timestamp="20220113 17:15:29.525" level="INFO">${client_key} = 61df54ec3d94de0016bf38fb</msg>
<status status="PASS" starttime="20220113 17:15:29.523" endtime="20220113 17:15:29.525"/>
</kw>
<kw name="Create Dictionary" library="BuiltIn">
<var>&amp;{HEADERS}</var>
<arg>client_key=${client_key}</arg>
<doc>Creates and returns a dictionary based on the given ``items``.</doc>
<msg timestamp="20220113 17:15:29.526" level="INFO">&amp;{HEADERS} = { client_key=61df54ec3d94de0016bf38fb }</msg>
<status status="PASS" starttime="20220113 17:15:29.525" endtime="20220113 17:15:29.526"/>
</kw>
<kw name="Set Suite Variable" library="BuiltIn">
<arg>${HEADERS}</arg>
<doc>Makes a variable available everywhere within the scope of the current suite.</doc>
<msg timestamp="20220113 17:15:29.526" level="INFO">${HEADERS} = {'client_key': '61df54ec3d94de0016bf38fb'}</msg>
<status status="PASS" starttime="20220113 17:15:29.526" endtime="20220113 17:15:29.526"/>
</kw>
<status status="PASS" starttime="20220113 17:15:20.880" endtime="20220113 17:15:29.527"/>
</kw>
<kw name="Factory Abner" library="Abner">
<var>&amp;{personagem}</var>
<msg timestamp="20220113 17:15:29.528" level="INFO">&amp;{personagem} = { name=Allison Miller | aliases=Thanos | age=3000 | team=Ordem Negra | active=False }</msg>
<status status="PASS" starttime="20220113 17:15:29.527" endtime="20220113 17:15:29.528"/>
</kw>
<kw name="POST" library="RequestsLibrary">
<var>${response}</var>
<arg>${API_URL}/characters</arg>
<arg>json=${personagem}</arg>
<arg>headers=${headers}</arg>
<doc>Sends a POST request.</doc>
<msg timestamp="20220113 17:15:29.865" level="INFO">POST Request : url=http://marvel.qaninja.academy/characters 
 path_url=/characters 
 headers={'User-Agent': 'python-requests/2.25.1', 'Accept-Encoding': 'gzip, deflate', 'Accept': '*/*', 'Connection': 'keep-alive', 'client_key': '61df54ec3d94de0016bf38fb', 'Content-Length': '100', 'Content-Type': 'application/json'} 
 body=b'{"name": "Allison Miller", "aliases": "Thanos", "age": 3000, "team": "Ordem Negra", "active": false}' 
 </msg>
<msg timestamp="20220113 17:15:29.865" level="INFO">POST Response : url=http://marvel.qaninja.academy/characters 
 status=200, reason=OK 
 headers={'Server': 'Cowboy', 'Connection': 'keep-alive', 'X-Powered-By': 'Express', 'Access-Control-Allow-Origin': '*', 'Content-Type': 'application/json; charset=utf-8', 'Content-Length': '159', 'Etag': 'W/"9f-5Ioifts+2mRwWkTEBttQrkg0YwM"', 'Date': 'Thu, 13 Jan 2022 20:15:30 GMT', 'Via': '1.1 vegur'} 
 body={"_id":"61e0886200082000160d8dd1","name":"Allison Miller","age":3000,"aliases":"Thanos","team":"Ordem Negra","active":false,"owner":"61df54ec3d94de0016bf38fb"} 
 </msg>
<msg timestamp="20220113 17:15:29.865" level="INFO">${response} = &lt;Response [200]&gt;</msg>
<status status="PASS" starttime="20220113 17:15:29.529" endtime="20220113 17:15:29.865"/>
</kw>
<kw name="Status Should Be" library="RequestsLibrary">
<arg>200</arg>
<doc>Fails if response status code is different than the expected.</doc>
<status status="PASS" starttime="20220113 17:15:29.866" endtime="20220113 17:15:29.867"/>
</kw>
<status status="PASS" starttime="20220113 17:15:20.878" endtime="20220113 17:15:29.868"/>
</test>
<doc>Suite de Testes do cadastro de personagens na API da Marvel</doc>
<status status="PASS" starttime="20220113 17:15:20.291" endtime="20220113 17:15:29.870"/>
</suite>
<statistics>
<total>
<stat pass="1" fail="0" skip="0">All Tests</stat>
</total>
<tag>
</tag>
<suite>
<stat pass="1" fail="0" skip="0" id="s1" name="CreateCharacters">CreateCharacters</stat>
</suite>
</statistics>
<errors>
</errors>
</robot>
